The system is: Darwin - 14.5.0 - x86_64
Compiling the C compiler identification source file "CMakeCCompilerId.c" succeeded.
Compiler: /Applications/Xcode.app/Contents/Developer/Toolchains/XcodeDefault.xctoolchain/usr/bin/cc 
Build flags: 
Id flags: 

The output was:
0


Compilation of the C compiler identification source "CMakeCCompilerId.c" produced "a.out"

The C compiler identification is AppleClang, found in "/Users/ugo/src/openbabel-2.3.2/tmpbuild/CMakeFiles/3.4.3/CompilerIdC/a.out"

Compiling the CXX compiler identification source file "CMakeCXXCompilerId.cpp" succeeded.
Compiler: /Applications/Xcode.app/Contents/Developer/Toolchains/XcodeDefault.xctoolchain/usr/bin/c++ 
Build flags: 
Id flags: 

The output was:
0


Compilation of the CXX compiler identification source "CMakeCXXCompilerId.cpp" produced "a.out"

The CXX compiler identification is AppleClang, found in "/Users/ugo/src/openbabel-2.3.2/tmpbuild/CMakeFiles/3.4.3/CompilerIdCXX/a.out"

Determining if the C compiler works passed with the following output:
Change Dir: /Users/ugo/src/openbabel-2.3.2/tmpbuild/CMakeFiles/CMakeTmp

Run Build Command:"/opt/local/bin/gmake" "cmTC_50d74/fast"
/opt/local/bin/gmake -f CMakeFiles/cmTC_50d74.dir/build.make CMakeFiles/cmTC_50d74.dir/build
gmake[1]: Entering directory '/Users/ugo/src/openbabel-2.3.2/tmpbuild/CMakeFiles/CMakeTmp'
Building C object CMakeFiles/cmTC_50d74.dir/testCCompiler.c.o
/Applications/Xcode.app/Contents/Developer/Toolchains/XcodeDefault.xctoolchain/usr/bin/cc     -o CMakeFiles/cmTC_50d74.dir/testCCompiler.c.o   -c /Users/ugo/src/openbabel-2.3.2/tmpbuild/CMakeFiles/CMakeTmp/testCCompiler.c
Linking C executable cmTC_50d74
/opt/local/bin/cmake -E cmake_link_script CMakeFiles/cmTC_50d74.dir/link.txt --verbose=1
/Applications/Xcode.app/Contents/Developer/Toolchains/XcodeDefault.xctoolchain/usr/bin/cc    -Wl,-search_paths_first -Wl,-headerpad_max_install_names   CMakeFiles/cmTC_50d74.dir/testCCompiler.c.o  -o cmTC_50d74  
gmake[1]: Leaving directory '/Users/ugo/src/openbabel-2.3.2/tmpbuild/CMakeFiles/CMakeTmp'


Detecting C compiler ABI info compiled with the following output:
Change Dir: /Users/ugo/src/openbabel-2.3.2/tmpbuild/CMakeFiles/CMakeTmp

Run Build Command:"/opt/local/bin/gmake" "cmTC_f6777/fast"
/opt/local/bin/gmake -f CMakeFiles/cmTC_f6777.dir/build.make CMakeFiles/cmTC_f6777.dir/build
gmake[1]: Entering directory '/Users/ugo/src/openbabel-2.3.2/tmpbuild/CMakeFiles/CMakeTmp'
Building C object CMakeFiles/cmTC_f6777.dir/CMakeCCompilerABI.c.o
/Applications/Xcode.app/Contents/Developer/Toolchains/XcodeDefault.xctoolchain/usr/bin/cc     -o CMakeFiles/cmTC_f6777.dir/CMakeCCompilerABI.c.o   -c /opt/local/share/cmake-3.4/Modules/CMakeCCompilerABI.c
Linking C executable cmTC_f6777
/opt/local/bin/cmake -E cmake_link_script CMakeFiles/cmTC_f6777.dir/link.txt --verbose=1
/Applications/Xcode.app/Contents/Developer/Toolchains/XcodeDefault.xctoolchain/usr/bin/cc    -Wl,-search_paths_first -Wl,-headerpad_max_install_names  -v -Wl,-v CMakeFiles/cmTC_f6777.dir/CMakeCCompilerABI.c.o  -o cmTC_f6777   
Apple LLVM version 6.0 (clang-600.0.57) (based on LLVM 3.5svn)
Target: x86_64-apple-darwin14.5.0
Thread model: posix
 "/Applications/Xcode.app/Contents/Developer/Toolchains/XcodeDefault.xctoolchain/usr/bin/ld" -demangle -dynamic -arch x86_64 -macosx_version_min 10.10.0 -o cmTC_f6777 -search_paths_first -headerpad_max_install_names -v CMakeFiles/cmTC_f6777.dir/CMakeCCompilerABI.c.o -lSystem /Applications/Xcode.app/Contents/Developer/Toolchains/XcodeDefault.xctoolchain/usr/bin/../lib/clang/6.0/lib/darwin/libclang_rt.osx.a
@(#)PROGRAM:ld  PROJECT:ld64-241.9
configured to support archs: armv6 armv7 armv7s arm64 i386 x86_64 x86_64h armv6m armv7m armv7em
Library search paths:
	/usr/lib
	/usr/local/lib
Framework search paths:
	/Library/Frameworks/
	/System/Library/Frameworks/
gmake[1]: Leaving directory '/Users/ugo/src/openbabel-2.3.2/tmpbuild/CMakeFiles/CMakeTmp'


Parsed C implicit link information from above output:
  link line regex: [^( *|.*[/\])(ld|([^/\]+-)?ld|collect2)[^/\]*( |$)]
  ignore line: [Change Dir: /Users/ugo/src/openbabel-2.3.2/tmpbuild/CMakeFiles/CMakeTmp]
  ignore line: []
  ignore line: [Run Build Command:"/opt/local/bin/gmake" "cmTC_f6777/fast"]
  ignore line: [/opt/local/bin/gmake -f CMakeFiles/cmTC_f6777.dir/build.make CMakeFiles/cmTC_f6777.dir/build]
  ignore line: [gmake[1]: Entering directory '/Users/ugo/src/openbabel-2.3.2/tmpbuild/CMakeFiles/CMakeTmp']
  ignore line: [Building C object CMakeFiles/cmTC_f6777.dir/CMakeCCompilerABI.c.o]
  ignore line: [/Applications/Xcode.app/Contents/Developer/Toolchains/XcodeDefault.xctoolchain/usr/bin/cc     -o CMakeFiles/cmTC_f6777.dir/CMakeCCompilerABI.c.o   -c /opt/local/share/cmake-3.4/Modules/CMakeCCompilerABI.c]
  ignore line: [Linking C executable cmTC_f6777]
  ignore line: [/opt/local/bin/cmake -E cmake_link_script CMakeFiles/cmTC_f6777.dir/link.txt --verbose=1]
  ignore line: [/Applications/Xcode.app/Contents/Developer/Toolchains/XcodeDefault.xctoolchain/usr/bin/cc    -Wl,-search_paths_first -Wl,-headerpad_max_install_names  -v -Wl,-v CMakeFiles/cmTC_f6777.dir/CMakeCCompilerABI.c.o  -o cmTC_f6777   ]
  ignore line: [Apple LLVM version 6.0 (clang-600.0.57) (based on LLVM 3.5svn)]
  ignore line: [Target: x86_64-apple-darwin14.5.0]
  ignore line: [Thread model: posix]
  link line: [ "/Applications/Xcode.app/Contents/Developer/Toolchains/XcodeDefault.xctoolchain/usr/bin/ld" -demangle -dynamic -arch x86_64 -macosx_version_min 10.10.0 -o cmTC_f6777 -search_paths_first -headerpad_max_install_names -v CMakeFiles/cmTC_f6777.dir/CMakeCCompilerABI.c.o -lSystem /Applications/Xcode.app/Contents/Developer/Toolchains/XcodeDefault.xctoolchain/usr/bin/../lib/clang/6.0/lib/darwin/libclang_rt.osx.a]
    arg [/Applications/Xcode.app/Contents/Developer/Toolchains/XcodeDefault.xctoolchain/usr/bin/ld] ==> ignore
    arg [-demangle] ==> ignore
    arg [-dynamic] ==> ignore
    arg [-arch] ==> ignore
    arg [x86_64] ==> ignore
    arg [-macosx_version_min] ==> ignore
    arg [10.10.0] ==> ignore
    arg [-o] ==> ignore
    arg [cmTC_f6777] ==> ignore
    arg [-search_paths_first] ==> ignore
    arg [-headerpad_max_install_names] ==> ignore
    arg [-v] ==> ignore
    arg [CMakeFiles/cmTC_f6777.dir/CMakeCCompilerABI.c.o] ==> ignore
    arg [-lSystem] ==> lib [System]
    arg [/Applications/Xcode.app/Contents/Developer/Toolchains/XcodeDefault.xctoolchain/usr/bin/../lib/clang/6.0/lib/darwin/libclang_rt.osx.a] ==> lib [/Applications/Xcode.app/Contents/Developer/Toolchains/XcodeDefault.xctoolchain/usr/bin/../lib/clang/6.0/lib/darwin/libclang_rt.osx.a]
  Library search paths: [;/usr/lib;/usr/local/lib]
  Framework search paths: [;/Library/Frameworks/;/System/Library/Frameworks/]
  remove lib [System]
  collapse lib [/Applications/Xcode.app/Contents/Developer/Toolchains/XcodeDefault.xctoolchain/usr/bin/../lib/clang/6.0/lib/darwin/libclang_rt.osx.a] ==> [/Applications/Xcode.app/Contents/Developer/Toolchains/XcodeDefault.xctoolchain/usr/lib/clang/6.0/lib/darwin/libclang_rt.osx.a]
  collapse library dir [/usr/lib] ==> [/usr/lib]
  collapse library dir [/usr/local/lib] ==> [/usr/local/lib]
  collapse framework dir [/Library/Frameworks/] ==> [/Library/Frameworks]
  collapse framework dir [/System/Library/Frameworks/] ==> [/System/Library/Frameworks]
  implicit libs: [/Applications/Xcode.app/Contents/Developer/Toolchains/XcodeDefault.xctoolchain/usr/lib/clang/6.0/lib/darwin/libclang_rt.osx.a]
  implicit dirs: [/usr/lib;/usr/local/lib]
  implicit fwks: [/Library/Frameworks;/System/Library/Frameworks]




Detecting C [-std=c11] compiler features compiled with the following output:
Change Dir: /Users/ugo/src/openbabel-2.3.2/tmpbuild/CMakeFiles/CMakeTmp

Run Build Command:"/opt/local/bin/gmake" "cmTC_3e085/fast"
/opt/local/bin/gmake -f CMakeFiles/cmTC_3e085.dir/build.make CMakeFiles/cmTC_3e085.dir/build
gmake[1]: Entering directory '/Users/ugo/src/openbabel-2.3.2/tmpbuild/CMakeFiles/CMakeTmp'
Building C object CMakeFiles/cmTC_3e085.dir/feature_tests.c.o
/Applications/Xcode.app/Contents/Developer/Toolchains/XcodeDefault.xctoolchain/usr/bin/cc    -std=c11 -o CMakeFiles/cmTC_3e085.dir/feature_tests.c.o   -c /Users/ugo/src/openbabel-2.3.2/tmpbuild/CMakeFiles/feature_tests.c
Linking C executable cmTC_3e085
/opt/local/bin/cmake -E cmake_link_script CMakeFiles/cmTC_3e085.dir/link.txt --verbose=1
/Applications/Xcode.app/Contents/Developer/Toolchains/XcodeDefault.xctoolchain/usr/bin/cc    -Wl,-search_paths_first -Wl,-headerpad_max_install_names   CMakeFiles/cmTC_3e085.dir/feature_tests.c.o  -o cmTC_3e085  
gmake[1]: Leaving directory '/Users/ugo/src/openbabel-2.3.2/tmpbuild/CMakeFiles/CMakeTmp'


    Feature record: C_FEATURE:1c_function_prototypes
    Feature record: C_FEATURE:1c_restrict
    Feature record: C_FEATURE:1c_static_assert
    Feature record: C_FEATURE:1c_variadic_macros


Detecting C [-std=c99] compiler features compiled with the following output:
Change Dir: /Users/ugo/src/openbabel-2.3.2/tmpbuild/CMakeFiles/CMakeTmp

Run Build Command:"/opt/local/bin/gmake" "cmTC_8f84b/fast"
/opt/local/bin/gmake -f CMakeFiles/cmTC_8f84b.dir/build.make CMakeFiles/cmTC_8f84b.dir/build
gmake[1]: Entering directory '/Users/ugo/src/openbabel-2.3.2/tmpbuild/CMakeFiles/CMakeTmp'
Building C object CMakeFiles/cmTC_8f84b.dir/feature_tests.c.o
/Applications/Xcode.app/Contents/Developer/Toolchains/XcodeDefault.xctoolchain/usr/bin/cc    -std=c99 -o CMakeFiles/cmTC_8f84b.dir/feature_tests.c.o   -c /Users/ugo/src/openbabel-2.3.2/tmpbuild/CMakeFiles/feature_tests.c
Linking C executable cmTC_8f84b
/opt/local/bin/cmake -E cmake_link_script CMakeFiles/cmTC_8f84b.dir/link.txt --verbose=1
/Applications/Xcode.app/Contents/Developer/Toolchains/XcodeDefault.xctoolchain/usr/bin/cc    -Wl,-search_paths_first -Wl,-headerpad_max_install_names   CMakeFiles/cmTC_8f84b.dir/feature_tests.c.o  -o cmTC_8f84b  
gmake[1]: Leaving directory '/Users/ugo/src/openbabel-2.3.2/tmpbuild/CMakeFiles/CMakeTmp'


    Feature record: C_FEATURE:1c_function_prototypes
    Feature record: C_FEATURE:1c_restrict
    Feature record: C_FEATURE:0c_static_assert
    Feature record: C_FEATURE:1c_variadic_macros


Detecting C [-std=c90] compiler features compiled with the following output:
Change Dir: /Users/ugo/src/openbabel-2.3.2/tmpbuild/CMakeFiles/CMakeTmp

Run Build Command:"/opt/local/bin/gmake" "cmTC_a00a1/fast"
/opt/local/bin/gmake -f CMakeFiles/cmTC_a00a1.dir/build.make CMakeFiles/cmTC_a00a1.dir/build
gmake[1]: Entering directory '/Users/ugo/src/openbabel-2.3.2/tmpbuild/CMakeFiles/CMakeTmp'
Building C object CMakeFiles/cmTC_a00a1.dir/feature_tests.c.o
/Applications/Xcode.app/Contents/Developer/Toolchains/XcodeDefault.xctoolchain/usr/bin/cc    -std=c90 -o CMakeFiles/cmTC_a00a1.dir/feature_tests.c.o   -c /Users/ugo/src/openbabel-2.3.2/tmpbuild/CMakeFiles/feature_tests.c
Linking C executable cmTC_a00a1
/opt/local/bin/cmake -E cmake_link_script CMakeFiles/cmTC_a00a1.dir/link.txt --verbose=1
/Applications/Xcode.app/Contents/Developer/Toolchains/XcodeDefault.xctoolchain/usr/bin/cc    -Wl,-search_paths_first -Wl,-headerpad_max_install_names   CMakeFiles/cmTC_a00a1.dir/feature_tests.c.o  -o cmTC_a00a1  
gmake[1]: Leaving directory '/Users/ugo/src/openbabel-2.3.2/tmpbuild/CMakeFiles/CMakeTmp'


    Feature record: C_FEATURE:1c_function_prototypes
    Feature record: C_FEATURE:0c_restrict
    Feature record: C_FEATURE:0c_static_assert
    Feature record: C_FEATURE:0c_variadic_macros
Determining if the CXX compiler works passed with the following output:
Change Dir: /Users/ugo/src/openbabel-2.3.2/tmpbuild/CMakeFiles/CMakeTmp

Run Build Command:"/opt/local/bin/gmake" "cmTC_22fdc/fast"
/opt/local/bin/gmake -f CMakeFiles/cmTC_22fdc.dir/build.make CMakeFiles/cmTC_22fdc.dir/build
gmake[1]: Entering directory '/Users/ugo/src/openbabel-2.3.2/tmpbuild/CMakeFiles/CMakeTmp'
Building CXX object CMakeFiles/cmTC_22fdc.dir/testCXXCompiler.cxx.o
/Applications/Xcode.app/Contents/Developer/Toolchains/XcodeDefault.xctoolchain/usr/bin/c++      -o CMakeFiles/cmTC_22fdc.dir/testCXXCompiler.cxx.o -c /Users/ugo/src/openbabel-2.3.2/tmpbuild/CMakeFiles/CMakeTmp/testCXXCompiler.cxx
Linking CXX executable cmTC_22fdc
/opt/local/bin/cmake -E cmake_link_script CMakeFiles/cmTC_22fdc.dir/link.txt --verbose=1
/Applications/Xcode.app/Contents/Developer/Toolchains/XcodeDefault.xctoolchain/usr/bin/c++     -Wl,-search_paths_first -Wl,-headerpad_max_install_names   CMakeFiles/cmTC_22fdc.dir/testCXXCompiler.cxx.o  -o cmTC_22fdc  
gmake[1]: Leaving directory '/Users/ugo/src/openbabel-2.3.2/tmpbuild/CMakeFiles/CMakeTmp'


Detecting CXX compiler ABI info compiled with the following output:
Change Dir: /Users/ugo/src/openbabel-2.3.2/tmpbuild/CMakeFiles/CMakeTmp

Run Build Command:"/opt/local/bin/gmake" "cmTC_d0cec/fast"
/opt/local/bin/gmake -f CMakeFiles/cmTC_d0cec.dir/build.make CMakeFiles/cmTC_d0cec.dir/build
gmake[1]: Entering directory '/Users/ugo/src/openbabel-2.3.2/tmpbuild/CMakeFiles/CMakeTmp'
Building CXX object CMakeFiles/cmTC_d0cec.dir/CMakeCXXCompilerABI.cpp.o
/Applications/Xcode.app/Contents/Developer/Toolchains/XcodeDefault.xctoolchain/usr/bin/c++      -o CMakeFiles/cmTC_d0cec.dir/CMakeCXXCompilerABI.cpp.o -c /opt/local/share/cmake-3.4/Modules/CMakeCXXCompilerABI.cpp
Linking CXX executable cmTC_d0cec
/opt/local/bin/cmake -E cmake_link_script CMakeFiles/cmTC_d0cec.dir/link.txt --verbose=1
/Applications/Xcode.app/Contents/Developer/Toolchains/XcodeDefault.xctoolchain/usr/bin/c++     -Wl,-search_paths_first -Wl,-headerpad_max_install_names  -v -Wl,-v CMakeFiles/cmTC_d0cec.dir/CMakeCXXCompilerABI.cpp.o  -o cmTC_d0cec   
Apple LLVM version 6.0 (clang-600.0.57) (based on LLVM 3.5svn)
Target: x86_64-apple-darwin14.5.0
Thread model: posix
 "/Applications/Xcode.app/Contents/Developer/Toolchains/XcodeDefault.xctoolchain/usr/bin/ld" -demangle -dynamic -arch x86_64 -macosx_version_min 10.10.0 -o cmTC_d0cec -search_paths_first -headerpad_max_install_names -v CMakeFiles/cmTC_d0cec.dir/CMakeCXXCompilerABI.cpp.o -lc++ -lSystem /Applications/Xcode.app/Contents/Developer/Toolchains/XcodeDefault.xctoolchain/usr/bin/../lib/clang/6.0/lib/darwin/libclang_rt.osx.a
@(#)PROGRAM:ld  PROJECT:ld64-241.9
configured to support archs: armv6 armv7 armv7s arm64 i386 x86_64 x86_64h armv6m armv7m armv7em
Library search paths:
	/usr/lib
	/usr/local/lib
Framework search paths:
	/Library/Frameworks/
	/System/Library/Frameworks/
gmake[1]: Leaving directory '/Users/ugo/src/openbabel-2.3.2/tmpbuild/CMakeFiles/CMakeTmp'


Parsed CXX implicit link information from above output:
  link line regex: [^( *|.*[/\])(ld|([^/\]+-)?ld|collect2)[^/\]*( |$)]
  ignore line: [Change Dir: /Users/ugo/src/openbabel-2.3.2/tmpbuild/CMakeFiles/CMakeTmp]
  ignore line: []
  ignore line: [Run Build Command:"/opt/local/bin/gmake" "cmTC_d0cec/fast"]
  ignore line: [/opt/local/bin/gmake -f CMakeFiles/cmTC_d0cec.dir/build.make CMakeFiles/cmTC_d0cec.dir/build]
  ignore line: [gmake[1]: Entering directory '/Users/ugo/src/openbabel-2.3.2/tmpbuild/CMakeFiles/CMakeTmp']
  ignore line: [Building CXX object CMakeFiles/cmTC_d0cec.dir/CMakeCXXCompilerABI.cpp.o]
  ignore line: [/Applications/Xcode.app/Contents/Developer/Toolchains/XcodeDefault.xctoolchain/usr/bin/c++      -o CMakeFiles/cmTC_d0cec.dir/CMakeCXXCompilerABI.cpp.o -c /opt/local/share/cmake-3.4/Modules/CMakeCXXCompilerABI.cpp]
  ignore line: [Linking CXX executable cmTC_d0cec]
  ignore line: [/opt/local/bin/cmake -E cmake_link_script CMakeFiles/cmTC_d0cec.dir/link.txt --verbose=1]
  ignore line: [/Applications/Xcode.app/Contents/Developer/Toolchains/XcodeDefault.xctoolchain/usr/bin/c++     -Wl,-search_paths_first -Wl,-headerpad_max_install_names  -v -Wl,-v CMakeFiles/cmTC_d0cec.dir/CMakeCXXCompilerABI.cpp.o  -o cmTC_d0cec   ]
  ignore line: [Apple LLVM version 6.0 (clang-600.0.57) (based on LLVM 3.5svn)]
  ignore line: [Target: x86_64-apple-darwin14.5.0]
  ignore line: [Thread model: posix]
  link line: [ "/Applications/Xcode.app/Contents/Developer/Toolchains/XcodeDefault.xctoolchain/usr/bin/ld" -demangle -dynamic -arch x86_64 -macosx_version_min 10.10.0 -o cmTC_d0cec -search_paths_first -headerpad_max_install_names -v CMakeFiles/cmTC_d0cec.dir/CMakeCXXCompilerABI.cpp.o -lc++ -lSystem /Applications/Xcode.app/Contents/Developer/Toolchains/XcodeDefault.xctoolchain/usr/bin/../lib/clang/6.0/lib/darwin/libclang_rt.osx.a]
    arg [/Applications/Xcode.app/Contents/Developer/Toolchains/XcodeDefault.xctoolchain/usr/bin/ld] ==> ignore
    arg [-demangle] ==> ignore
    arg [-dynamic] ==> ignore
    arg [-arch] ==> ignore
    arg [x86_64] ==> ignore
    arg [-macosx_version_min] ==> ignore
    arg [10.10.0] ==> ignore
    arg [-o] ==> ignore
    arg [cmTC_d0cec] ==> ignore
    arg [-search_paths_first] ==> ignore
    arg [-headerpad_max_install_names] ==> ignore
    arg [-v] ==> ignore
    arg [CMakeFiles/cmTC_d0cec.dir/CMakeCXXCompilerABI.cpp.o] ==> ignore
    arg [-lc++] ==> lib [c++]
    arg [-lSystem] ==> lib [System]
    arg [/Applications/Xcode.app/Contents/Developer/Toolchains/XcodeDefault.xctoolchain/usr/bin/../lib/clang/6.0/lib/darwin/libclang_rt.osx.a] ==> lib [/Applications/Xcode.app/Contents/Developer/Toolchains/XcodeDefault.xctoolchain/usr/bin/../lib/clang/6.0/lib/darwin/libclang_rt.osx.a]
  Library search paths: [;/usr/lib;/usr/local/lib]
  Framework search paths: [;/Library/Frameworks/;/System/Library/Frameworks/]
  remove lib [System]
  collapse lib [/Applications/Xcode.app/Contents/Developer/Toolchains/XcodeDefault.xctoolchain/usr/bin/../lib/clang/6.0/lib/darwin/libclang_rt.osx.a] ==> [/Applications/Xcode.app/Contents/Developer/Toolchains/XcodeDefault.xctoolchain/usr/lib/clang/6.0/lib/darwin/libclang_rt.osx.a]
  collapse library dir [/usr/lib] ==> [/usr/lib]
  collapse library dir [/usr/local/lib] ==> [/usr/local/lib]
  collapse framework dir [/Library/Frameworks/] ==> [/Library/Frameworks]
  collapse framework dir [/System/Library/Frameworks/] ==> [/System/Library/Frameworks]
  implicit libs: [c++;/Applications/Xcode.app/Contents/Developer/Toolchains/XcodeDefault.xctoolchain/usr/lib/clang/6.0/lib/darwin/libclang_rt.osx.a]
  implicit dirs: [/usr/lib;/usr/local/lib]
  implicit fwks: [/Library/Frameworks;/System/Library/Frameworks]




Detecting CXX [-std=c++1y] compiler features compiled with the following output:
Change Dir: /Users/ugo/src/openbabel-2.3.2/tmpbuild/CMakeFiles/CMakeTmp

Run Build Command:"/opt/local/bin/gmake" "cmTC_e4273/fast"
/opt/local/bin/gmake -f CMakeFiles/cmTC_e4273.dir/build.make CMakeFiles/cmTC_e4273.dir/build
gmake[1]: Entering directory '/Users/ugo/src/openbabel-2.3.2/tmpbuild/CMakeFiles/CMakeTmp'
Building CXX object CMakeFiles/cmTC_e4273.dir/feature_tests.cxx.o
/Applications/Xcode.app/Contents/Developer/Toolchains/XcodeDefault.xctoolchain/usr/bin/c++     -std=c++1y -o CMakeFiles/cmTC_e4273.dir/feature_tests.cxx.o -c /Users/ugo/src/openbabel-2.3.2/tmpbuild/CMakeFiles/feature_tests.cxx
Linking CXX executable cmTC_e4273
/opt/local/bin/cmake -E cmake_link_script CMakeFiles/cmTC_e4273.dir/link.txt --verbose=1
/Applications/Xcode.app/Contents/Developer/Toolchains/XcodeDefault.xctoolchain/usr/bin/c++     -Wl,-search_paths_first -Wl,-headerpad_max_install_names   CMakeFiles/cmTC_e4273.dir/feature_tests.cxx.o  -o cmTC_e4273  
gmake[1]: Leaving directory '/Users/ugo/src/openbabel-2.3.2/tmpbuild/CMakeFiles/CMakeTmp'


    Feature record: CXX_FEATURE:1cxx_aggregate_default_initializers
    Feature record: CXX_FEATURE:1cxx_alias_templates
    Feature record: CXX_FEATURE:1cxx_alignas
    Feature record: CXX_FEATURE:1cxx_alignof
    Feature record: CXX_FEATURE:1cxx_attributes
    Feature record: CXX_FEATURE:1cxx_attribute_deprecated
    Feature record: CXX_FEATURE:1cxx_auto_type
    Feature record: CXX_FEATURE:1cxx_binary_literals
    Feature record: CXX_FEATURE:1cxx_constexpr
    Feature record: CXX_FEATURE:1cxx_contextual_conversions
    Feature record: CXX_FEATURE:1cxx_decltype
    Feature record: CXX_FEATURE:1cxx_decltype_auto
    Feature record: CXX_FEATURE:1cxx_decltype_incomplete_return_types
    Feature record: CXX_FEATURE:1cxx_default_function_template_args
    Feature record: CXX_FEATURE:1cxx_defaulted_functions
    Feature record: CXX_FEATURE:1cxx_defaulted_move_initializers
    Feature record: CXX_FEATURE:1cxx_delegating_constructors
    Feature record: CXX_FEATURE:1cxx_deleted_functions
    Feature record: CXX_FEATURE:1cxx_digit_separators
    Feature record: CXX_FEATURE:1cxx_enum_forward_declarations
    Feature record: CXX_FEATURE:1cxx_explicit_conversions
    Feature record: CXX_FEATURE:1cxx_extended_friend_declarations
    Feature record: CXX_FEATURE:1cxx_extern_templates
    Feature record: CXX_FEATURE:1cxx_final
    Feature record: CXX_FEATURE:1cxx_func_identifier
    Feature record: CXX_FEATURE:1cxx_generalized_initializers
    Feature record: CXX_FEATURE:1cxx_generic_lambdas
    Feature record: CXX_FEATURE:1cxx_inheriting_constructors
    Feature record: CXX_FEATURE:1cxx_inline_namespaces
    Feature record: CXX_FEATURE:1cxx_lambdas
    Feature record: CXX_FEATURE:1cxx_lambda_init_captures
    Feature record: CXX_FEATURE:1cxx_local_type_template_args
    Feature record: CXX_FEATURE:1cxx_long_long_type
    Feature record: CXX_FEATURE:1cxx_noexcept
    Feature record: CXX_FEATURE:1cxx_nonstatic_member_init
    Feature record: CXX_FEATURE:1cxx_nullptr
    Feature record: CXX_FEATURE:1cxx_override
    Feature record: CXX_FEATURE:1cxx_range_for
    Feature record: CXX_FEATURE:1cxx_raw_string_literals
    Feature record: CXX_FEATURE:1cxx_reference_qualified_functions
    Feature record: CXX_FEATURE:1cxx_relaxed_constexpr
    Feature record: CXX_FEATURE:1cxx_return_type_deduction
    Feature record: CXX_FEATURE:1cxx_right_angle_brackets
    Feature record: CXX_FEATURE:1cxx_rvalue_references
    Feature record: CXX_FEATURE:1cxx_sizeof_member
    Feature record: CXX_FEATURE:1cxx_static_assert
    Feature record: CXX_FEATURE:1cxx_strong_enums
    Feature record: CXX_FEATURE:1cxx_template_template_parameters
    Feature record: CXX_FEATURE:0cxx_thread_local
    Feature record: CXX_FEATURE:1cxx_trailing_return_types
    Feature record: CXX_FEATURE:1cxx_unicode_literals
    Feature record: CXX_FEATURE:1cxx_uniform_initialization
    Feature record: CXX_FEATURE:1cxx_unrestricted_unions
    Feature record: CXX_FEATURE:1cxx_user_literals
    Feature record: CXX_FEATURE:1cxx_variable_templates
    Feature record: CXX_FEATURE:1cxx_variadic_macros
    Feature record: CXX_FEATURE:1cxx_variadic_templates


Detecting CXX [-std=c++11] compiler features compiled with the following output:
Change Dir: /Users/ugo/src/openbabel-2.3.2/tmpbuild/CMakeFiles/CMakeTmp

Run Build Command:"/opt/local/bin/gmake" "cmTC_9759b/fast"
/opt/local/bin/gmake -f CMakeFiles/cmTC_9759b.dir/build.make CMakeFiles/cmTC_9759b.dir/build
gmake[1]: Entering directory '/Users/ugo/src/openbabel-2.3.2/tmpbuild/CMakeFiles/CMakeTmp'
Building CXX object CMakeFiles/cmTC_9759b.dir/feature_tests.cxx.o
/Applications/Xcode.app/Contents/Developer/Toolchains/XcodeDefault.xctoolchain/usr/bin/c++     -std=c++11 -o CMakeFiles/cmTC_9759b.dir/feature_tests.cxx.o -c /Users/ugo/src/openbabel-2.3.2/tmpbuild/CMakeFiles/feature_tests.cxx
Linking CXX executable cmTC_9759b
/opt/local/bin/cmake -E cmake_link_script CMakeFiles/cmTC_9759b.dir/link.txt --verbose=1
/Applications/Xcode.app/Contents/Developer/Toolchains/XcodeDefault.xctoolchain/usr/bin/c++     -Wl,-search_paths_first -Wl,-headerpad_max_install_names   CMakeFiles/cmTC_9759b.dir/feature_tests.cxx.o  -o cmTC_9759b  
gmake[1]: Leaving directory '/Users/ugo/src/openbabel-2.3.2/tmpbuild/CMakeFiles/CMakeTmp'


    Feature record: CXX_FEATURE:0cxx_aggregate_default_initializers
    Feature record: CXX_FEATURE:1cxx_alias_templates
    Feature record: CXX_FEATURE:1cxx_alignas
    Feature record: CXX_FEATURE:1cxx_alignof
    Feature record: CXX_FEATURE:1cxx_attributes
    Feature record: CXX_FEATURE:0cxx_attribute_deprecated
    Feature record: CXX_FEATURE:1cxx_auto_type
    Feature record: CXX_FEATURE:0cxx_binary_literals
    Feature record: CXX_FEATURE:1cxx_constexpr
    Feature record: CXX_FEATURE:0cxx_contextual_conversions
    Feature record: CXX_FEATURE:1cxx_decltype
    Feature record: CXX_FEATURE:0cxx_decltype_auto
    Feature record: CXX_FEATURE:1cxx_decltype_incomplete_return_types
    Feature record: CXX_FEATURE:1cxx_default_function_template_args
    Feature record: CXX_FEATURE:1cxx_defaulted_functions
    Feature record: CXX_FEATURE:1cxx_defaulted_move_initializers
    Feature record: CXX_FEATURE:1cxx_delegating_constructors
    Feature record: CXX_FEATURE:1cxx_deleted_functions
    Feature record: CXX_FEATURE:0cxx_digit_separators
    Feature record: CXX_FEATURE:1cxx_enum_forward_declarations
    Feature record: CXX_FEATURE:1cxx_explicit_conversions
    Feature record: CXX_FEATURE:1cxx_extended_friend_declarations
    Feature record: CXX_FEATURE:1cxx_extern_templates
    Feature record: CXX_FEATURE:1cxx_final
    Feature record: CXX_FEATURE:1cxx_func_identifier
    Feature record: CXX_FEATURE:1cxx_generalized_initializers
    Feature record: CXX_FEATURE:0cxx_generic_lambdas
    Feature record: CXX_FEATURE:1cxx_inheriting_constructors
    Feature record: CXX_FEATURE:1cxx_inline_namespaces
    Feature record: CXX_FEATURE:1cxx_lambdas
    Feature record: CXX_FEATURE:0cxx_lambda_init_captures
    Feature record: CXX_FEATURE:1cxx_local_type_template_args
    Feature record: CXX_FEATURE:1cxx_long_long_type
    Feature record: CXX_FEATURE:1cxx_noexcept
    Feature record: CXX_FEATURE:1cxx_nonstatic_member_init
    Feature record: CXX_FEATURE:1cxx_nullptr
    Feature record: CXX_FEATURE:1cxx_override
    Feature record: CXX_FEATURE:1cxx_range_for
    Feature record: CXX_FEATURE:1cxx_raw_string_literals
    Feature record: CXX_FEATURE:1cxx_reference_qualified_functions
    Feature record: CXX_FEATURE:0cxx_relaxed_constexpr
    Feature record: CXX_FEATURE:0cxx_return_type_deduction
    Feature record: CXX_FEATURE:1cxx_right_angle_brackets
    Feature record: CXX_FEATURE:1cxx_rvalue_references
    Feature record: CXX_FEATURE:1cxx_sizeof_member
    Feature record: CXX_FEATURE:1cxx_static_assert
    Feature record: CXX_FEATURE:1cxx_strong_enums
    Feature record: CXX_FEATURE:1cxx_template_template_parameters
    Feature record: CXX_FEATURE:0cxx_thread_local
    Feature record: CXX_FEATURE:1cxx_trailing_return_types
    Feature record: CXX_FEATURE:1cxx_unicode_literals
    Feature record: CXX_FEATURE:1cxx_uniform_initialization
    Feature record: CXX_FEATURE:1cxx_unrestricted_unions
    Feature record: CXX_FEATURE:1cxx_user_literals
    Feature record: CXX_FEATURE:0cxx_variable_templates
    Feature record: CXX_FEATURE:1cxx_variadic_macros
    Feature record: CXX_FEATURE:1cxx_variadic_templates


Detecting CXX [-std=c++98] compiler features compiled with the following output:
Change Dir: /Users/ugo/src/openbabel-2.3.2/tmpbuild/CMakeFiles/CMakeTmp

Run Build Command:"/opt/local/bin/gmake" "cmTC_90b03/fast"
/opt/local/bin/gmake -f CMakeFiles/cmTC_90b03.dir/build.make CMakeFiles/cmTC_90b03.dir/build
gmake[1]: Entering directory '/Users/ugo/src/openbabel-2.3.2/tmpbuild/CMakeFiles/CMakeTmp'
Building CXX object CMakeFiles/cmTC_90b03.dir/feature_tests.cxx.o
/Applications/Xcode.app/Contents/Developer/Toolchains/XcodeDefault.xctoolchain/usr/bin/c++     -std=c++98 -o CMakeFiles/cmTC_90b03.dir/feature_tests.cxx.o -c /Users/ugo/src/openbabel-2.3.2/tmpbuild/CMakeFiles/feature_tests.cxx
Linking CXX executable cmTC_90b03
/opt/local/bin/cmake -E cmake_link_script CMakeFiles/cmTC_90b03.dir/link.txt --verbose=1
/Applications/Xcode.app/Contents/Developer/Toolchains/XcodeDefault.xctoolchain/usr/bin/c++     -Wl,-search_paths_first -Wl,-headerpad_max_install_names   CMakeFiles/cmTC_90b03.dir/feature_tests.cxx.o  -o cmTC_90b03  
gmake[1]: Leaving directory '/Users/ugo/src/openbabel-2.3.2/tmpbuild/CMakeFiles/CMakeTmp'


    Feature record: CXX_FEATURE:0cxx_aggregate_default_initializers
    Feature record: CXX_FEATURE:0cxx_alias_templates
    Feature record: CXX_FEATURE:0cxx_alignas
    Feature record: CXX_FEATURE:0cxx_alignof
    Feature record: CXX_FEATURE:0cxx_attributes
    Feature record: CXX_FEATURE:0cxx_attribute_deprecated
    Feature record: CXX_FEATURE:0cxx_auto_type
    Feature record: CXX_FEATURE:0cxx_binary_literals
    Feature record: CXX_FEATURE:0cxx_constexpr
    Feature record: CXX_FEATURE:0cxx_contextual_conversions
    Feature record: CXX_FEATURE:0cxx_decltype
    Feature record: CXX_FEATURE:0cxx_decltype_auto
    Feature record: CXX_FEATURE:0cxx_decltype_incomplete_return_types
    Feature record: CXX_FEATURE:0cxx_default_function_template_args
    Feature record: CXX_FEATURE:0cxx_defaulted_functions
    Feature record: CXX_FEATURE:0cxx_defaulted_move_initializers
    Feature record: CXX_FEATURE:0cxx_delegating_constructors
    Feature record: CXX_FEATURE:0cxx_deleted_functions
    Feature record: CXX_FEATURE:0cxx_digit_separators
    Feature record: CXX_FEATURE:0cxx_enum_forward_declarations
    Feature record: CXX_FEATURE:0cxx_explicit_conversions
    Feature record: CXX_FEATURE:0cxx_extended_friend_declarations
    Feature record: CXX_FEATURE:0cxx_extern_templates
    Feature record: CXX_FEATURE:0cxx_final
    Feature record: CXX_FEATURE:0cxx_func_identifier
    Feature record: CXX_FEATURE:0cxx_generalized_initializers
    Feature record: CXX_FEATURE:0cxx_generic_lambdas
    Feature record: CXX_FEATURE:0cxx_inheriting_constructors
    Feature record: CXX_FEATURE:0cxx_inline_namespaces
    Feature record: CXX_FEATURE:0cxx_lambdas
    Feature record: CXX_FEATURE:0cxx_lambda_init_captures
    Feature record: CXX_FEATURE:0cxx_local_type_template_args
    Feature record: CXX_FEATURE:0cxx_long_long_type
    Feature record: CXX_FEATURE:0cxx_noexcept
    Feature record: CXX_FEATURE:0cxx_nonstatic_member_init
    Feature record: CXX_FEATURE:0cxx_nullptr
    Feature record: CXX_FEATURE:0cxx_override
    Feature record: CXX_FEATURE:0cxx_range_for
    Feature record: CXX_FEATURE:0cxx_raw_string_literals
    Feature record: CXX_FEATURE:0cxx_reference_qualified_functions
    Feature record: CXX_FEATURE:0cxx_relaxed_constexpr
    Feature record: CXX_FEATURE:0cxx_return_type_deduction
    Feature record: CXX_FEATURE:0cxx_right_angle_brackets
    Feature record: CXX_FEATURE:0cxx_rvalue_references
    Feature record: CXX_FEATURE:0cxx_sizeof_member
    Feature record: CXX_FEATURE:0cxx_static_assert
    Feature record: CXX_FEATURE:0cxx_strong_enums
    Feature record: CXX_FEATURE:1cxx_template_template_parameters
    Feature record: CXX_FEATURE:0cxx_thread_local
    Feature record: CXX_FEATURE:0cxx_trailing_return_types
    Feature record: CXX_FEATURE:0cxx_unicode_literals
    Feature record: CXX_FEATURE:0cxx_uniform_initialization
    Feature record: CXX_FEATURE:0cxx_unrestricted_unions
    Feature record: CXX_FEATURE:0cxx_user_literals
    Feature record: CXX_FEATURE:0cxx_variable_templates
    Feature record: CXX_FEATURE:0cxx_variadic_macros
    Feature record: CXX_FEATURE:0cxx_variadic_templates
Determining if the include file sys/time.h exists passed with the following output:
Change Dir: /Users/ugo/src/openbabel-2.3.2/tmpbuild/CMakeFiles/CMakeTmp

Run Build Command:"/opt/local/bin/gmake" "cmTC_cfe94/fast"
/opt/local/bin/gmake -f CMakeFiles/cmTC_cfe94.dir/build.make CMakeFiles/cmTC_cfe94.dir/build
gmake[1]: Entering directory '/Users/ugo/src/openbabel-2.3.2/tmpbuild/CMakeFiles/CMakeTmp'
Building C object CMakeFiles/cmTC_cfe94.dir/CheckIncludeFile.c.o
/Applications/Xcode.app/Contents/Developer/Toolchains/XcodeDefault.xctoolchain/usr/bin/cc     -o CMakeFiles/cmTC_cfe94.dir/CheckIncludeFile.c.o   -c /Users/ugo/src/openbabel-2.3.2/tmpbuild/CMakeFiles/CMakeTmp/CheckIncludeFile.c
Linking C executable cmTC_cfe94
/opt/local/bin/cmake -E cmake_link_script CMakeFiles/cmTC_cfe94.dir/link.txt --verbose=1
/Applications/Xcode.app/Contents/Developer/Toolchains/XcodeDefault.xctoolchain/usr/bin/cc    -Wl,-search_paths_first -Wl,-headerpad_max_install_names   CMakeFiles/cmTC_cfe94.dir/CheckIncludeFile.c.o  -o cmTC_cfe94  
gmake[1]: Leaving directory '/Users/ugo/src/openbabel-2.3.2/tmpbuild/CMakeFiles/CMakeTmp'


Determining if the include file time.h exists passed with the following output:
Change Dir: /Users/ugo/src/openbabel-2.3.2/tmpbuild/CMakeFiles/CMakeTmp

Run Build Command:"/opt/local/bin/gmake" "cmTC_dda86/fast"
/opt/local/bin/gmake -f CMakeFiles/cmTC_dda86.dir/build.make CMakeFiles/cmTC_dda86.dir/build
gmake[1]: Entering directory '/Users/ugo/src/openbabel-2.3.2/tmpbuild/CMakeFiles/CMakeTmp'
Building C object CMakeFiles/cmTC_dda86.dir/CheckIncludeFile.c.o
/Applications/Xcode.app/Contents/Developer/Toolchains/XcodeDefault.xctoolchain/usr/bin/cc     -o CMakeFiles/cmTC_dda86.dir/CheckIncludeFile.c.o   -c /Users/ugo/src/openbabel-2.3.2/tmpbuild/CMakeFiles/CMakeTmp/CheckIncludeFile.c
Linking C executable cmTC_dda86
/opt/local/bin/cmake -E cmake_link_script CMakeFiles/cmTC_dda86.dir/link.txt --verbose=1
/Applications/Xcode.app/Contents/Developer/Toolchains/XcodeDefault.xctoolchain/usr/bin/cc    -Wl,-search_paths_first -Wl,-headerpad_max_install_names   CMakeFiles/cmTC_dda86.dir/CheckIncludeFile.c.o  -o cmTC_dda86  
gmake[1]: Leaving directory '/Users/ugo/src/openbabel-2.3.2/tmpbuild/CMakeFiles/CMakeTmp'


Determining if the include file strings.h exists passed with the following output:
Change Dir: /Users/ugo/src/openbabel-2.3.2/tmpbuild/CMakeFiles/CMakeTmp

Run Build Command:"/opt/local/bin/gmake" "cmTC_f5078/fast"
/opt/local/bin/gmake -f CMakeFiles/cmTC_f5078.dir/build.make CMakeFiles/cmTC_f5078.dir/build
gmake[1]: Entering directory '/Users/ugo/src/openbabel-2.3.2/tmpbuild/CMakeFiles/CMakeTmp'
Building C object CMakeFiles/cmTC_f5078.dir/CheckIncludeFile.c.o
/Applications/Xcode.app/Contents/Developer/Toolchains/XcodeDefault.xctoolchain/usr/bin/cc     -o CMakeFiles/cmTC_f5078.dir/CheckIncludeFile.c.o   -c /Users/ugo/src/openbabel-2.3.2/tmpbuild/CMakeFiles/CMakeTmp/CheckIncludeFile.c
Linking C executable cmTC_f5078
/opt/local/bin/cmake -E cmake_link_script CMakeFiles/cmTC_f5078.dir/link.txt --verbose=1
/Applications/Xcode.app/Contents/Developer/Toolchains/XcodeDefault.xctoolchain/usr/bin/cc    -Wl,-search_paths_first -Wl,-headerpad_max_install_names   CMakeFiles/cmTC_f5078.dir/CheckIncludeFile.c.o  -o cmTC_f5078  
gmake[1]: Leaving directory '/Users/ugo/src/openbabel-2.3.2/tmpbuild/CMakeFiles/CMakeTmp'


Determining if the include file regex.h exists passed with the following output:
Change Dir: /Users/ugo/src/openbabel-2.3.2/tmpbuild/CMakeFiles/CMakeTmp

Run Build Command:"/opt/local/bin/gmake" "cmTC_5382f/fast"
/opt/local/bin/gmake -f CMakeFiles/cmTC_5382f.dir/build.make CMakeFiles/cmTC_5382f.dir/build
gmake[1]: Entering directory '/Users/ugo/src/openbabel-2.3.2/tmpbuild/CMakeFiles/CMakeTmp'
Building C object CMakeFiles/cmTC_5382f.dir/CheckIncludeFile.c.o
/Applications/Xcode.app/Contents/Developer/Toolchains/XcodeDefault.xctoolchain/usr/bin/cc     -o CMakeFiles/cmTC_5382f.dir/CheckIncludeFile.c.o   -c /Users/ugo/src/openbabel-2.3.2/tmpbuild/CMakeFiles/CMakeTmp/CheckIncludeFile.c
Linking C executable cmTC_5382f
/opt/local/bin/cmake -E cmake_link_script CMakeFiles/cmTC_5382f.dir/link.txt --verbose=1
/Applications/Xcode.app/Contents/Developer/Toolchains/XcodeDefault.xctoolchain/usr/bin/cc    -Wl,-search_paths_first -Wl,-headerpad_max_install_names   CMakeFiles/cmTC_5382f.dir/CheckIncludeFile.c.o  -o cmTC_5382f  
gmake[1]: Leaving directory '/Users/ugo/src/openbabel-2.3.2/tmpbuild/CMakeFiles/CMakeTmp'


Determining if the include file sstream exists passed with the following output:
Change Dir: /Users/ugo/src/openbabel-2.3.2/tmpbuild/CMakeFiles/CMakeTmp

Run Build Command:"/opt/local/bin/gmake" "cmTC_3b6a5/fast"
/opt/local/bin/gmake -f CMakeFiles/cmTC_3b6a5.dir/build.make CMakeFiles/cmTC_3b6a5.dir/build
gmake[1]: Entering directory '/Users/ugo/src/openbabel-2.3.2/tmpbuild/CMakeFiles/CMakeTmp'
Building CXX object CMakeFiles/cmTC_3b6a5.dir/CheckIncludeFile.cxx.o
/Applications/Xcode.app/Contents/Developer/Toolchains/XcodeDefault.xctoolchain/usr/bin/c++      -o CMakeFiles/cmTC_3b6a5.dir/CheckIncludeFile.cxx.o -c /Users/ugo/src/openbabel-2.3.2/tmpbuild/CMakeFiles/CMakeTmp/CheckIncludeFile.cxx
Linking CXX executable cmTC_3b6a5
/opt/local/bin/cmake -E cmake_link_script CMakeFiles/cmTC_3b6a5.dir/link.txt --verbose=1
/Applications/Xcode.app/Contents/Developer/Toolchains/XcodeDefault.xctoolchain/usr/bin/c++     -Wl,-search_paths_first -Wl,-headerpad_max_install_names   CMakeFiles/cmTC_3b6a5.dir/CheckIncludeFile.cxx.o  -o cmTC_3b6a5  
gmake[1]: Leaving directory '/Users/ugo/src/openbabel-2.3.2/tmpbuild/CMakeFiles/CMakeTmp'


Determining if the rint exist passed with the following output:
Change Dir: /Users/ugo/src/openbabel-2.3.2/tmpbuild/CMakeFiles/CMakeTmp

Run Build Command:"/opt/local/bin/gmake" "cmTC_f5612/fast"
/opt/local/bin/gmake -f CMakeFiles/cmTC_f5612.dir/build.make CMakeFiles/cmTC_f5612.dir/build
gmake[1]: Entering directory '/Users/ugo/src/openbabel-2.3.2/tmpbuild/CMakeFiles/CMakeTmp'
Building C object CMakeFiles/cmTC_f5612.dir/CheckSymbolExists.c.o
/Applications/Xcode.app/Contents/Developer/Toolchains/XcodeDefault.xctoolchain/usr/bin/cc     -o CMakeFiles/cmTC_f5612.dir/CheckSymbolExists.c.o   -c /Users/ugo/src/openbabel-2.3.2/tmpbuild/CMakeFiles/CMakeTmp/CheckSymbolExists.c
Linking C executable cmTC_f5612
/opt/local/bin/cmake -E cmake_link_script CMakeFiles/cmTC_f5612.dir/link.txt --verbose=1
/Applications/Xcode.app/Contents/Developer/Toolchains/XcodeDefault.xctoolchain/usr/bin/cc    -Wl,-search_paths_first -Wl,-headerpad_max_install_names   CMakeFiles/cmTC_f5612.dir/CheckSymbolExists.c.o  -o cmTC_f5612  
gmake[1]: Leaving directory '/Users/ugo/src/openbabel-2.3.2/tmpbuild/CMakeFiles/CMakeTmp'

File /Users/ugo/src/openbabel-2.3.2/tmpbuild/CMakeFiles/CMakeTmp/CheckSymbolExists.c:
/* */
#include <math.h>

int main(int argc, char** argv)
{
  (void)argv;
#ifndef rint
  return ((int*)(&rint))[argc];
#else
  (void)argc;
  return 0;
#endif
}

Determining if the snprintf exist passed with the following output:
Change Dir: /Users/ugo/src/openbabel-2.3.2/tmpbuild/CMakeFiles/CMakeTmp

Run Build Command:"/opt/local/bin/gmake" "cmTC_e3a18/fast"
/opt/local/bin/gmake -f CMakeFiles/cmTC_e3a18.dir/build.make CMakeFiles/cmTC_e3a18.dir/build
gmake[1]: Entering directory '/Users/ugo/src/openbabel-2.3.2/tmpbuild/CMakeFiles/CMakeTmp'
Building C object CMakeFiles/cmTC_e3a18.dir/CheckSymbolExists.c.o
/Applications/Xcode.app/Contents/Developer/Toolchains/XcodeDefault.xctoolchain/usr/bin/cc     -o CMakeFiles/cmTC_e3a18.dir/CheckSymbolExists.c.o   -c /Users/ugo/src/openbabel-2.3.2/tmpbuild/CMakeFiles/CMakeTmp/CheckSymbolExists.c
Linking C executable cmTC_e3a18
/opt/local/bin/cmake -E cmake_link_script CMakeFiles/cmTC_e3a18.dir/link.txt --verbose=1
/Applications/Xcode.app/Contents/Developer/Toolchains/XcodeDefault.xctoolchain/usr/bin/cc    -Wl,-search_paths_first -Wl,-headerpad_max_install_names   CMakeFiles/cmTC_e3a18.dir/CheckSymbolExists.c.o  -o cmTC_e3a18  
gmake[1]: Leaving directory '/Users/ugo/src/openbabel-2.3.2/tmpbuild/CMakeFiles/CMakeTmp'

File /Users/ugo/src/openbabel-2.3.2/tmpbuild/CMakeFiles/CMakeTmp/CheckSymbolExists.c:
/* */
#include <stdio.h>

int main(int argc, char** argv)
{
  (void)argv;
#ifndef snprintf
  return ((int*)(&snprintf))[argc];
#else
  (void)argc;
  return 0;
#endif
}

Determining if the sranddev exist passed with the following output:
Change Dir: /Users/ugo/src/openbabel-2.3.2/tmpbuild/CMakeFiles/CMakeTmp

Run Build Command:"/opt/local/bin/gmake" "cmTC_d549d/fast"
/opt/local/bin/gmake -f CMakeFiles/cmTC_d549d.dir/build.make CMakeFiles/cmTC_d549d.dir/build
gmake[1]: Entering directory '/Users/ugo/src/openbabel-2.3.2/tmpbuild/CMakeFiles/CMakeTmp'
Building C object CMakeFiles/cmTC_d549d.dir/CheckSymbolExists.c.o
/Applications/Xcode.app/Contents/Developer/Toolchains/XcodeDefault.xctoolchain/usr/bin/cc     -o CMakeFiles/cmTC_d549d.dir/CheckSymbolExists.c.o   -c /Users/ugo/src/openbabel-2.3.2/tmpbuild/CMakeFiles/CMakeTmp/CheckSymbolExists.c
Linking C executable cmTC_d549d
/opt/local/bin/cmake -E cmake_link_script CMakeFiles/cmTC_d549d.dir/link.txt --verbose=1
/Applications/Xcode.app/Contents/Developer/Toolchains/XcodeDefault.xctoolchain/usr/bin/cc    -Wl,-search_paths_first -Wl,-headerpad_max_install_names   CMakeFiles/cmTC_d549d.dir/CheckSymbolExists.c.o  -o cmTC_d549d  
gmake[1]: Leaving directory '/Users/ugo/src/openbabel-2.3.2/tmpbuild/CMakeFiles/CMakeTmp'

File /Users/ugo/src/openbabel-2.3.2/tmpbuild/CMakeFiles/CMakeTmp/CheckSymbolExists.c:
/* */
#include <stdlib.h>

int main(int argc, char** argv)
{
  (void)argv;
#ifndef sranddev
  return ((int*)(&sranddev))[argc];
#else
  (void)argc;
  return 0;
#endif
}

Determining if the strcasecmp exist passed with the following output:
Change Dir: /Users/ugo/src/openbabel-2.3.2/tmpbuild/CMakeFiles/CMakeTmp

Run Build Command:"/opt/local/bin/gmake" "cmTC_cb639/fast"
/opt/local/bin/gmake -f CMakeFiles/cmTC_cb639.dir/build.make CMakeFiles/cmTC_cb639.dir/build
gmake[1]: Entering directory '/Users/ugo/src/openbabel-2.3.2/tmpbuild/CMakeFiles/CMakeTmp'
Building C object CMakeFiles/cmTC_cb639.dir/CheckSymbolExists.c.o
/Applications/Xcode.app/Contents/Developer/Toolchains/XcodeDefault.xctoolchain/usr/bin/cc     -o CMakeFiles/cmTC_cb639.dir/CheckSymbolExists.c.o   -c /Users/ugo/src/openbabel-2.3.2/tmpbuild/CMakeFiles/CMakeTmp/CheckSymbolExists.c
Linking C executable cmTC_cb639
/opt/local/bin/cmake -E cmake_link_script CMakeFiles/cmTC_cb639.dir/link.txt --verbose=1
/Applications/Xcode.app/Contents/Developer/Toolchains/XcodeDefault.xctoolchain/usr/bin/cc    -Wl,-search_paths_first -Wl,-headerpad_max_install_names   CMakeFiles/cmTC_cb639.dir/CheckSymbolExists.c.o  -o cmTC_cb639  
gmake[1]: Leaving directory '/Users/ugo/src/openbabel-2.3.2/tmpbuild/CMakeFiles/CMakeTmp'

File /Users/ugo/src/openbabel-2.3.2/tmpbuild/CMakeFiles/CMakeTmp/CheckSymbolExists.c:
/* */
#include <string.h>

int main(int argc, char** argv)
{
  (void)argv;
#ifndef strcasecmp
  return ((int*)(&strcasecmp))[argc];
#else
  (void)argc;
  return 0;
#endif
}

Determining if the strncasecmp exist passed with the following output:
Change Dir: /Users/ugo/src/openbabel-2.3.2/tmpbuild/CMakeFiles/CMakeTmp

Run Build Command:"/opt/local/bin/gmake" "cmTC_3b5f3/fast"
/opt/local/bin/gmake -f CMakeFiles/cmTC_3b5f3.dir/build.make CMakeFiles/cmTC_3b5f3.dir/build
gmake[1]: Entering directory '/Users/ugo/src/openbabel-2.3.2/tmpbuild/CMakeFiles/CMakeTmp'
Building C object CMakeFiles/cmTC_3b5f3.dir/CheckSymbolExists.c.o
/Applications/Xcode.app/Contents/Developer/Toolchains/XcodeDefault.xctoolchain/usr/bin/cc     -o CMakeFiles/cmTC_3b5f3.dir/CheckSymbolExists.c.o   -c /Users/ugo/src/openbabel-2.3.2/tmpbuild/CMakeFiles/CMakeTmp/CheckSymbolExists.c
Linking C executable cmTC_3b5f3
/opt/local/bin/cmake -E cmake_link_script CMakeFiles/cmTC_3b5f3.dir/link.txt --verbose=1
/Applications/Xcode.app/Contents/Developer/Toolchains/XcodeDefault.xctoolchain/usr/bin/cc    -Wl,-search_paths_first -Wl,-headerpad_max_install_names   CMakeFiles/cmTC_3b5f3.dir/CheckSymbolExists.c.o  -o cmTC_3b5f3  
gmake[1]: Leaving directory '/Users/ugo/src/openbabel-2.3.2/tmpbuild/CMakeFiles/CMakeTmp'

File /Users/ugo/src/openbabel-2.3.2/tmpbuild/CMakeFiles/CMakeTmp/CheckSymbolExists.c:
/* */
#include <string.h>

int main(int argc, char** argv)
{
  (void)argv;
#ifndef strncasecmp
  return ((int*)(&strncasecmp))[argc];
#else
  (void)argc;
  return 0;
#endif
}

Determining if the function dlopen exists in the dl passed with the following output:
Change Dir: /Users/ugo/src/openbabel-2.3.2/tmpbuild/CMakeFiles/CMakeTmp

Run Build Command:"/opt/local/bin/gmake" "cmTC_f1a2c/fast"
/opt/local/bin/gmake -f CMakeFiles/cmTC_f1a2c.dir/build.make CMakeFiles/cmTC_f1a2c.dir/build
gmake[1]: Entering directory '/Users/ugo/src/openbabel-2.3.2/tmpbuild/CMakeFiles/CMakeTmp'
Building C object CMakeFiles/cmTC_f1a2c.dir/CheckFunctionExists.c.o
/Applications/Xcode.app/Contents/Developer/Toolchains/XcodeDefault.xctoolchain/usr/bin/cc    -DCHECK_FUNCTION_EXISTS=dlopen   -o CMakeFiles/cmTC_f1a2c.dir/CheckFunctionExists.c.o   -c /opt/local/share/cmake-3.4/Modules/CheckFunctionExists.c
Linking C executable cmTC_f1a2c
/opt/local/bin/cmake -E cmake_link_script CMakeFiles/cmTC_f1a2c.dir/link.txt --verbose=1
/Applications/Xcode.app/Contents/Developer/Toolchains/XcodeDefault.xctoolchain/usr/bin/cc   -DCHECK_FUNCTION_EXISTS=dlopen -Wl,-search_paths_first -Wl,-headerpad_max_install_names   CMakeFiles/cmTC_f1a2c.dir/CheckFunctionExists.c.o  -o cmTC_f1a2c  -ldl 
gmake[1]: Leaving directory '/Users/ugo/src/openbabel-2.3.2/tmpbuild/CMakeFiles/CMakeTmp'


Determining if the include file sys/types.h exists passed with the following output:
Change Dir: /Users/ugo/src/openbabel-2.3.2/tmpbuild/CMakeFiles/CMakeTmp

Run Build Command:"/opt/local/bin/gmake" "cmTC_1e989/fast"
/opt/local/bin/gmake -f CMakeFiles/cmTC_1e989.dir/build.make CMakeFiles/cmTC_1e989.dir/build
gmake[1]: Entering directory '/Users/ugo/src/openbabel-2.3.2/tmpbuild/CMakeFiles/CMakeTmp'
Building C object CMakeFiles/cmTC_1e989.dir/CheckIncludeFile.c.o
/Applications/Xcode.app/Contents/Developer/Toolchains/XcodeDefault.xctoolchain/usr/bin/cc     -o CMakeFiles/cmTC_1e989.dir/CheckIncludeFile.c.o   -c /Users/ugo/src/openbabel-2.3.2/tmpbuild/CMakeFiles/CMakeTmp/CheckIncludeFile.c
Linking C executable cmTC_1e989
/opt/local/bin/cmake -E cmake_link_script CMakeFiles/cmTC_1e989.dir/link.txt --verbose=1
/Applications/Xcode.app/Contents/Developer/Toolchains/XcodeDefault.xctoolchain/usr/bin/cc    -Wl,-search_paths_first -Wl,-headerpad_max_install_names   CMakeFiles/cmTC_1e989.dir/CheckIncludeFile.c.o  -o cmTC_1e989  
gmake[1]: Leaving directory '/Users/ugo/src/openbabel-2.3.2/tmpbuild/CMakeFiles/CMakeTmp'


Determining if the include file stdint.h exists passed with the following output:
Change Dir: /Users/ugo/src/openbabel-2.3.2/tmpbuild/CMakeFiles/CMakeTmp

Run Build Command:"/opt/local/bin/gmake" "cmTC_29fa7/fast"
/opt/local/bin/gmake -f CMakeFiles/cmTC_29fa7.dir/build.make CMakeFiles/cmTC_29fa7.dir/build
gmake[1]: Entering directory '/Users/ugo/src/openbabel-2.3.2/tmpbuild/CMakeFiles/CMakeTmp'
Building C object CMakeFiles/cmTC_29fa7.dir/CheckIncludeFile.c.o
/Applications/Xcode.app/Contents/Developer/Toolchains/XcodeDefault.xctoolchain/usr/bin/cc     -o CMakeFiles/cmTC_29fa7.dir/CheckIncludeFile.c.o   -c /Users/ugo/src/openbabel-2.3.2/tmpbuild/CMakeFiles/CMakeTmp/CheckIncludeFile.c
Linking C executable cmTC_29fa7
/opt/local/bin/cmake -E cmake_link_script CMakeFiles/cmTC_29fa7.dir/link.txt --verbose=1
/Applications/Xcode.app/Contents/Developer/Toolchains/XcodeDefault.xctoolchain/usr/bin/cc    -Wl,-search_paths_first -Wl,-headerpad_max_install_names   CMakeFiles/cmTC_29fa7.dir/CheckIncludeFile.c.o  -o cmTC_29fa7  
gmake[1]: Leaving directory '/Users/ugo/src/openbabel-2.3.2/tmpbuild/CMakeFiles/CMakeTmp'


Determining if the include file stddef.h exists passed with the following output:
Change Dir: /Users/ugo/src/openbabel-2.3.2/tmpbuild/CMakeFiles/CMakeTmp

Run Build Command:"/opt/local/bin/gmake" "cmTC_7bd0c/fast"
/opt/local/bin/gmake -f CMakeFiles/cmTC_7bd0c.dir/build.make CMakeFiles/cmTC_7bd0c.dir/build
gmake[1]: Entering directory '/Users/ugo/src/openbabel-2.3.2/tmpbuild/CMakeFiles/CMakeTmp'
Building C object CMakeFiles/cmTC_7bd0c.dir/CheckIncludeFile.c.o
/Applications/Xcode.app/Contents/Developer/Toolchains/XcodeDefault.xctoolchain/usr/bin/cc     -o CMakeFiles/cmTC_7bd0c.dir/CheckIncludeFile.c.o   -c /Users/ugo/src/openbabel-2.3.2/tmpbuild/CMakeFiles/CMakeTmp/CheckIncludeFile.c
Linking C executable cmTC_7bd0c
/opt/local/bin/cmake -E cmake_link_script CMakeFiles/cmTC_7bd0c.dir/link.txt --verbose=1
/Applications/Xcode.app/Contents/Developer/Toolchains/XcodeDefault.xctoolchain/usr/bin/cc    -Wl,-search_paths_first -Wl,-headerpad_max_install_names   CMakeFiles/cmTC_7bd0c.dir/CheckIncludeFile.c.o  -o cmTC_7bd0c  
gmake[1]: Leaving directory '/Users/ugo/src/openbabel-2.3.2/tmpbuild/CMakeFiles/CMakeTmp'


Determining size of clock_t passed with the following output:
Change Dir: /Users/ugo/src/openbabel-2.3.2/tmpbuild/CMakeFiles/CMakeTmp

Run Build Command:"/opt/local/bin/gmake" "cmTC_92ce3/fast"
/opt/local/bin/gmake -f CMakeFiles/cmTC_92ce3.dir/build.make CMakeFiles/cmTC_92ce3.dir/build
gmake[1]: Entering directory '/Users/ugo/src/openbabel-2.3.2/tmpbuild/CMakeFiles/CMakeTmp'
Building C object CMakeFiles/cmTC_92ce3.dir/CLOCK_T.c.o
/Applications/Xcode.app/Contents/Developer/Toolchains/XcodeDefault.xctoolchain/usr/bin/cc     -o CMakeFiles/cmTC_92ce3.dir/CLOCK_T.c.o   -c /Users/ugo/src/openbabel-2.3.2/tmpbuild/CMakeFiles/CheckTypeSize/CLOCK_T.c
Linking C executable cmTC_92ce3
/opt/local/bin/cmake -E cmake_link_script CMakeFiles/cmTC_92ce3.dir/link.txt --verbose=1
/Applications/Xcode.app/Contents/Developer/Toolchains/XcodeDefault.xctoolchain/usr/bin/cc    -Wl,-search_paths_first -Wl,-headerpad_max_install_names   CMakeFiles/cmTC_92ce3.dir/CLOCK_T.c.o  -o cmTC_92ce3  
gmake[1]: Leaving directory '/Users/ugo/src/openbabel-2.3.2/tmpbuild/CMakeFiles/CMakeTmp'


Determining if the function getopt exists passed with the following output:
Change Dir: /Users/ugo/src/openbabel-2.3.2/tmpbuild/CMakeFiles/CMakeTmp

Run Build Command:"/opt/local/bin/gmake" "cmTC_f2419/fast"
/opt/local/bin/gmake -f CMakeFiles/cmTC_f2419.dir/build.make CMakeFiles/cmTC_f2419.dir/build
gmake[1]: Entering directory '/Users/ugo/src/openbabel-2.3.2/tmpbuild/CMakeFiles/CMakeTmp'
Building C object CMakeFiles/cmTC_f2419.dir/CheckFunctionExists.c.o
/Applications/Xcode.app/Contents/Developer/Toolchains/XcodeDefault.xctoolchain/usr/bin/cc    -DCHECK_FUNCTION_EXISTS=getopt -Werror   -o CMakeFiles/cmTC_f2419.dir/CheckFunctionExists.c.o   -c /opt/local/share/cmake-3.4/Modules/CheckFunctionExists.c
Linking C executable cmTC_f2419
/opt/local/bin/cmake -E cmake_link_script CMakeFiles/cmTC_f2419.dir/link.txt --verbose=1
/Applications/Xcode.app/Contents/Developer/Toolchains/XcodeDefault.xctoolchain/usr/bin/cc   -DCHECK_FUNCTION_EXISTS=getopt -Werror -Wl,-search_paths_first -Wl,-headerpad_max_install_names   CMakeFiles/cmTC_f2419.dir/CheckFunctionExists.c.o  -o cmTC_f2419  
gmake[1]: Leaving directory '/Users/ugo/src/openbabel-2.3.2/tmpbuild/CMakeFiles/CMakeTmp'


